# JRE version: OpenJDK Runtime Environment (11.0.15) (build 11.0.15+0-b2043.56-9505619)
# Java VM: OpenJDK 64-Bit Server VM (11.0.15+0-b2043.56-9505619, mixed mode, tiered, compressed oops, g1 gc, windows-amd64)
Heap:
 garbage-first heap   total 675840K, used 222824K [0x0000000080000000, 0x0000000100000000)
  region size 1024K, 11 young (11264K), 11 survivors (11264K)
 Metaspace       used 126435K, capacity 130402K, committed 130472K, reserved 1163264K
  class space    used 16162K, capacity 17749K, committed 17792K, reserved 1048576K
GC Heap History (20 events):
Event: 22.666 GC heap after
{Heap after GC invocations=47 (full 0):
 garbage-first heap   total 352256K, used 168161K [0x0000000080000000, 0x0000000100000000)
  region size 1024K, 12 young (12288K), 12 survivors (12288K)
 Metaspace       used 121067K, capacity 124546K, committed 124712K, reserved 1157120K
  class space    used 15469K, capacity 16858K, committed 16896K, reserved 1048576K
}
Event: 22.954 GC heap before
{Heap before GC invocations=47 (full 0):
 garbage-first heap   total 352256K, used 258273K [0x0000000080000000, 0x0000000100000000)
  region size 1024K, 100 young (102400K), 12 survivors (12288K)
 Metaspace       used 122482K, capacity 126008K, committed 126248K, reserved 1159168K
  class space    used 15698K, capacity 17128K, committed 17152K, reserved 1048576K
}
Event: 22.978 GC heap after
{Heap after GC invocations=48 (full 0):
 garbage-first heap   total 352256K, used 178598K [0x0000000080000000, 0x0000000100000000)
  region size 1024K, 10 young (10240K), 10 survivors (10240K)
 Metaspace       used 122482K, capacity 126008K, committed 126248K, reserved 1159168K
  class space    used 15698K, capacity 17128K, committed 17152K, reserved 1048576K
}
Event: 23.315 GC heap before
{Heap before GC invocations=48 (full 0):
 garbage-first heap   total 352256K, used 267686K [0x0000000080000000, 0x0000000100000000)
  region size 1024K, 97 young (99328K), 10 survivors (10240K)
 Metaspace       used 124273K, capacity 127977K, committed 128168K, reserved 1161216K
  class space    used 15940K, capacity 17436K, committed 17536K, reserved 1048576K
}
Event: 23.365 GC heap after
{Heap after GC invocations=49 (full 0):
 garbage-first heap   total 423936K, used 185037K [0x0000000080000000, 0x0000000100000000)
  region size 1024K, 7 young (7168K), 7 survivors (7168K)
 Metaspace       used 124273K, capacity 127977K, committed 128168K, reserved 1161216K
  class space    used 15940K, capacity 17436K, committed 17536K, reserved 1048576K
}
Event: 23.927 GC heap before
{Heap before GC invocations=49 (full 0):
 garbage-first heap   total 423936K, used 295629K [0x0000000080000000, 0x0000000100000000)
  region size 1024K, 116 young (118784K), 7 survivors (7168K)
 Metaspace       used 125463K, capacity 129324K, committed 129448K, reserved 1161216K
  class space    used 16119K, capacity 17696K, committed 17792K, reserved 1048576K
}
Event: 23.987 GC heap after
{Heap after GC invocations=50 (full 0):
 garbage-first heap   total 423936K, used 197868K [0x0000000080000000, 0x0000000100000000)
  region size 1024K, 15 young (15360K), 15 survivors (15360K)
 Metaspace       used 125463K, capacity 129324K, committed 129448K, reserved 1161216K
  class space    used 16119K, capacity 17696K, committed 17792K, reserved 1048576K
}
Event: 24.591 GC heap before
{Heap before GC invocations=50 (full 0):
 garbage-first heap   total 423936K, used 324844K [0x0000000080000000, 0x0000000100000000)
  region size 1024K, 139 young (142336K), 15 survivors (15360K)
 Metaspace       used 125632K, capacity 129469K, committed 129704K, reserved 1161216K
  class space    used 16125K, capacity 17702K, committed 17792K, reserved 1048576K
}
Event: 24.609 GC heap after
{Heap after GC invocations=51 (full 0):
 garbage-first heap   total 423936K, used 202232K [0x0000000080000000, 0x0000000100000000)
  region size 1024K, 6 young (6144K), 6 survivors (6144K)
 Metaspace       used 125632K, capacity 129469K, committed 129704K, reserved 1161216K
  class space    used 16125K, capacity 17702K, committed 17792K, reserved 1048576K
}
Event: 25.009 GC heap before
{Heap before GC invocations=51 (full 0):
 garbage-first heap   total 423936K, used 329208K [0x0000000080000000, 0x0000000100000000)
  region size 1024K, 130 young (133120K), 6 survivors (6144K)
 Metaspace       used 125703K, capacity 129593K, committed 129704K, reserved 1161216K
  class space    used 16145K, capacity 17723K, committed 17792K, reserved 1048576K
}
Event: 25.016 GC heap after
{Heap after GC invocations=52 (full 0):
 garbage-first heap   total 423936K, used 202774K [0x0000000080000000, 0x0000000100000000)
  region size 1024K, 7 young (7168K), 7 survivors (7168K)
 Metaspace       used 125703K, capacity 129593K, committed 129704K, reserved 1161216K
  class space    used 16145K, capacity 17723K, committed 17792K, reserved 1048576K
}
Event: 25.322 GC heap before
{Heap before GC invocations=52 (full 0):
 garbage-first heap   total 423936K, used 333846K [0x0000000080000000, 0x0000000100000000)
  region size 1024K, 135 young (138240K), 7 survivors (7168K)
 Metaspace       used 125738K, capacity 129627K, committed 129704K, reserved 1161216K
  class space    used 16152K, capacity 17735K, committed 17792K, reserved 1048576K
}
Event: 25.329 GC heap after
{Heap after GC invocations=53 (full 0):
 garbage-first heap   total 423936K, used 203044K [0x0000000080000000, 0x0000000100000000)
  region size 1024K, 7 young (7168K), 7 survivors (7168K)
 Metaspace       used 125738K, capacity 129627K, committed 129704K, reserved 1161216K
  class space    used 16152K, capacity 17735K, committed 17792K, reserved 1048576K
}
Event: 25.657 GC heap before
{Heap before GC invocations=53 (full 0):
 garbage-first heap   total 423936K, used 352548K [0x0000000080000000, 0x0000000100000000)
  region size 1024K, 153 young (156672K), 7 survivors (7168K)
 Metaspace       used 125970K, capacity 129897K, committed 129960K, reserved 1161216K
  class space    used 16156K, capacity 17737K, committed 17792K, reserved 1048576K
}
Event: 25.668 GC heap after
{Heap after GC invocations=54 (full 0):
 garbage-first heap   total 423936K, used 204954K [0x0000000080000000, 0x0000000100000000)
  region size 1024K, 9 young (9216K), 9 survivors (9216K)
 Metaspace       used 125970K, capacity 129897K, committed 129960K, reserved 1161216K
  class space    used 16156K, capacity 17737K, committed 17792K, reserved 1048576K
}
Event: 26.131 GC heap before
{Heap before GC invocations=54 (full 0):
 garbage-first heap   total 423936K, used 356506K [0x0000000080000000, 0x0000000100000000)
  region size 1024K, 157 young (160768K), 9 survivors (9216K)
 Metaspace       used 126239K, capacity 130191K, committed 130472K, reserved 1163264K
  class space    used 16161K, capacity 17746K, committed 17792K, reserved 1048576K
}
Event: 26.141 GC heap after
{Heap after GC invocations=55 (full 0):
 garbage-first heap   total 423936K, used 204635K [0x0000000080000000, 0x0000000100000000)
  region size 1024K, 8 young (8192K), 8 survivors (8192K)
 Metaspace       used 126239K, capacity 130191K, committed 130472K, reserved 1163264K
  class space    used 16161K, capacity 17746K, committed 17792K, reserved 1048576K
}
Event: 26.588 GC heap before
{Heap before GC invocations=55 (full 0):
 garbage-first heap   total 423936K, used 362331K [0x0000000080000000, 0x0000000100000000)
  region size 1024K, 161 young (164864K), 8 survivors (8192K)
 Metaspace       used 126373K, capacity 130333K, committed 130472K, reserved 1163264K
  class space    used 16162K, capacity 17749K, committed 17792K, reserved 1048576K
}
Event: 26.608 GC heap after
{Heap after GC invocations=56 (full 0):
 garbage-first heap   total 423936K, used 215434K [0x0000000080000000, 0x0000000100000000)
  region size 1024K, 18 young (18432K), 18 survivors (18432K)
 Metaspace       used 126373K, capacity 130333K, committed 130472K, reserved 1163264K
  class space    used 16162K, capacity 17749K, committed 17792K, reserved 1048576K
}
Event: 26.967 GC heap before
{Heap before GC invocations=56 (full 0):
 garbage-first heap   total 423936K, used 357770K [0x0000000080000000, 0x0000000100000000)
  region size 1024K, 157 young (160768K), 18 survivors (18432K)
 Metaspace       used 126435K, capacity 130402K, committed 130472K, reserved 1163264K
  class space    used 16162K, capacity 17749K, committed 17792K, reserved 1048576K
}

