# JRE version: OpenJDK Runtime Environment (11.0.15) (build 11.0.15+0-b2043.56-9505619)
# Java VM: OpenJDK 64-Bit Server VM (11.0.15+0-b2043.56-9505619, mixed mode, tiered, compressed oops, g1 gc, windows-amd64)
Heap:
 garbage-first heap   total 593920K, used 227490K [0x0000000080000000, 0x0000000100000000)
  region size 1024K, 7 young (7168K), 7 survivors (7168K)
 Metaspace       used 113352K, capacity 116489K, committed 117800K, reserved 1150976K
  class space    used 14537K, capacity 15766K, committed 16384K, reserved 1048576K
GC Heap History (20 events):
Event: 22.790 GC heap after
{Heap after GC invocations=39 (full 0):
 garbage-first heap   total 270336K, used 155968K [0x0000000080000000, 0x0000000100000000)
  region size 1024K, 7 young (7168K), 7 survivors (7168K)
 Metaspace       used 112344K, capacity 115461K, committed 117032K, reserved 1150976K
  class space    used 14506K, capacity 15706K, committed 16384K, reserved 1048576K
}
Event: 22.990 GC heap before
{Heap before GC invocations=39 (full 0):
 garbage-first heap   total 270336K, used 219456K [0x0000000080000000, 0x0000000100000000)
  region size 1024K, 70 young (71680K), 7 survivors (7168K)
 Metaspace       used 112453K, capacity 115563K, committed 117032K, reserved 1150976K
  class space    used 14514K, capacity 15717K, committed 16384K, reserved 1048576K
}
Event: 23.002 GC heap after
{Heap after GC invocations=40 (full 0):
 garbage-first heap   total 270336K, used 160682K [0x0000000080000000, 0x0000000100000000)
  region size 1024K, 5 young (5120K), 5 survivors (5120K)
 Metaspace       used 112453K, capacity 115563K, committed 117032K, reserved 1150976K
  class space    used 14514K, capacity 15717K, committed 16384K, reserved 1048576K
}
Event: 23.359 GC heap before
{Heap before GC invocations=40 (full 0):
 garbage-first heap   total 270336K, used 224170K [0x0000000080000000, 0x0000000100000000)
  region size 1024K, 67 young (68608K), 5 survivors (5120K)
 Metaspace       used 112741K, capacity 115845K, committed 117288K, reserved 1150976K
  class space    used 14514K, capacity 15717K, committed 16384K, reserved 1048576K
}
Event: 23.375 GC heap after
{Heap after GC invocations=41 (full 0):
 garbage-first heap   total 324608K, used 164934K [0x0000000080000000, 0x0000000100000000)
  region size 1024K, 9 young (9216K), 9 survivors (9216K)
 Metaspace       used 112741K, capacity 115845K, committed 117288K, reserved 1150976K
  class space    used 14514K, capacity 15717K, committed 16384K, reserved 1048576K
}
Event: 23.675 GC heap before
{Heap before GC invocations=42 (full 0):
 garbage-first heap   total 324608K, used 250950K [0x0000000080000000, 0x0000000100000000)
  region size 1024K, 94 young (96256K), 9 survivors (9216K)
 Metaspace       used 112817K, capacity 115988K, committed 117544K, reserved 1150976K
  class space    used 14515K, capacity 15720K, committed 16384K, reserved 1048576K
}
Event: 23.694 GC heap after
{Heap after GC invocations=43 (full 0):
 garbage-first heap   total 324608K, used 174852K [0x0000000080000000, 0x0000000100000000)
  region size 1024K, 12 young (12288K), 12 survivors (12288K)
 Metaspace       used 112817K, capacity 115988K, committed 117544K, reserved 1150976K
  class space    used 14515K, capacity 15720K, committed 16384K, reserved 1048576K
}
Event: 23.860 GC heap before
{Heap before GC invocations=43 (full 0):
 garbage-first heap   total 324608K, used 258820K [0x0000000080000000, 0x0000000100000000)
  region size 1024K, 95 young (97280K), 12 survivors (12288K)
 Metaspace       used 112913K, capacity 116066K, committed 117544K, reserved 1150976K
  class space    used 14515K, capacity 15720K, committed 16384K, reserved 1048576K
}
Event: 23.893 GC heap after
{Heap after GC invocations=44 (full 0):
 garbage-first heap   total 324608K, used 185476K [0x0000000080000000, 0x0000000100000000)
  region size 1024K, 12 young (12288K), 12 survivors (12288K)
 Metaspace       used 112913K, capacity 116066K, committed 117544K, reserved 1150976K
  class space    used 14515K, capacity 15720K, committed 16384K, reserved 1048576K
}
Event: 24.105 GC heap before
{Heap before GC invocations=44 (full 0):
 garbage-first heap   total 324608K, used 261252K [0x0000000080000000, 0x0000000100000000)
  region size 1024K, 86 young (88064K), 12 survivors (12288K)
 Metaspace       used 112978K, capacity 116143K, committed 117544K, reserved 1150976K
  class space    used 14517K, capacity 15723K, committed 16384K, reserved 1048576K
}
Event: 24.118 GC heap after
{Heap after GC invocations=45 (full 0):
 garbage-first heap   total 324608K, used 190014K [0x0000000080000000, 0x0000000100000000)
  region size 1024K, 8 young (8192K), 8 survivors (8192K)
 Metaspace       used 112978K, capacity 116143K, committed 117544K, reserved 1150976K
  class space    used 14517K, capacity 15723K, committed 16384K, reserved 1048576K
}
Event: 24.352 GC heap before
{Heap before GC invocations=45 (full 0):
 garbage-first heap   total 324608K, used 263742K [0x0000000080000000, 0x0000000100000000)
  region size 1024K, 81 young (82944K), 8 survivors (8192K)
 Metaspace       used 113071K, capacity 116247K, committed 117544K, reserved 1150976K
  class space    used 14525K, capacity 15757K, committed 16384K, reserved 1048576K
}
Event: 24.369 GC heap after
{Heap after GC invocations=46 (full 0):
 garbage-first heap   total 436224K, used 194545K [0x0000000080000000, 0x0000000100000000)
  region size 1024K, 6 young (6144K), 6 survivors (6144K)
 Metaspace       used 113071K, capacity 116247K, committed 117544K, reserved 1150976K
  class space    used 14525K, capacity 15757K, committed 16384K, reserved 1048576K
}
Event: 24.705 GC heap before
{Heap before GC invocations=47 (full 0):
 garbage-first heap   total 436224K, used 307185K [0x0000000080000000, 0x0000000100000000)
  region size 1024K, 117 young (119808K), 6 survivors (6144K)
 Metaspace       used 113113K, capacity 116262K, committed 117544K, reserved 1150976K
  class space    used 14527K, capacity 15761K, committed 16384K, reserved 1048576K
}
Event: 24.717 GC heap after
{Heap after GC invocations=48 (full 0):
 garbage-first heap   total 436224K, used 200376K [0x0000000080000000, 0x0000000100000000)
  region size 1024K, 12 young (12288K), 12 survivors (12288K)
 Metaspace       used 113113K, capacity 116262K, committed 117544K, reserved 1150976K
  class space    used 14527K, capacity 15761K, committed 16384K, reserved 1048576K
}
Event: 25.082 GC heap before
{Heap before GC invocations=48 (full 0):
 garbage-first heap   total 436224K, used 355000K [0x0000000080000000, 0x0000000100000000)
  region size 1024K, 164 young (167936K), 12 survivors (12288K)
 Metaspace       used 113220K, capacity 116401K, committed 117800K, reserved 1150976K
  class space    used 14527K, capacity 15761K, committed 16384K, reserved 1048576K
}
Event: 25.100 GC heap after
{Heap after GC invocations=49 (full 0):
 garbage-first heap   total 436224K, used 209747K [0x0000000080000000, 0x0000000100000000)
  region size 1024K, 18 young (18432K), 18 survivors (18432K)
 Metaspace       used 113220K, capacity 116401K, committed 117800K, reserved 1150976K
  class space    used 14527K, capacity 15761K, committed 16384K, reserved 1048576K
}
Event: 25.416 GC heap before
{Heap before GC invocations=49 (full 0):
 garbage-first heap   total 436224K, used 354131K [0x0000000080000000, 0x0000000100000000)
  region size 1024K, 160 young (163840K), 18 survivors (18432K)
 Metaspace       used 113317K, capacity 116480K, committed 117800K, reserved 1150976K
  class space    used 14536K, capacity 15764K, committed 16384K, reserved 1048576K
}
Event: 25.451 GC heap after
{Heap after GC invocations=50 (full 0):
 garbage-first heap   total 436224K, used 222815K [0x0000000080000000, 0x0000000100000000)
  region size 1024K, 16 young (16384K), 16 survivors (16384K)
 Metaspace       used 113317K, capacity 116480K, committed 117800K, reserved 1150976K
  class space    used 14536K, capacity 15764K, committed 16384K, reserved 1048576K
}
Event: 25.764 GC heap before
{Heap before GC invocations=50 (full 0):
 garbage-first heap   total 436224K, used 355935K [0x0000000080000000, 0x0000000100000000)
  region size 1024K, 146 young (149504K), 16 survivors (16384K)
 Metaspace       used 113352K, capacity 116489K, committed 117800K, reserved 1150976K
  class space    used 14537K, capacity 15766K, committed 16384K, reserved 1048576K
}

